1529220901697	geckodriver	INFO	geckodriver 0.19.1
1529220901706	geckodriver	INFO	Listening on 127.0.0.1:51219
1529220904782	mozrunner::runner	INFO	Running command: "C:\\Program Files\\Mozilla Firefox\\firefox.exe" "-marionette" "-profile" "C:\\Users\\DEBIPR~1.M\\AppData\\Local\\Temp\\rust_mozprofile.XBMa9XzRTQve"
1529220907335	Marionette	INFO	Listening on port 51235
1529220907920	Marionette	WARN	TLS certificate errors will be ignored for this session
Unable to read VR Path Registry from C:\Users\debiprasanna.m\AppData\Local\openvr\openvrpaths.vrpath
JavaScript error: https://www.googletagmanager.com/gtm.js?id=GTM-NX744H, line 1113: NS_ERROR_NOT_INITIALIZED: 
Unable to read VR Path Registry from C:\Users\debiprasanna.m\AppData\Local\openvr\openvrpaths.vrpath
[Parent 10512, Gecko_IOThread] WARNING: pipe error: 109: file z:/build/build/src/ipc/chromium/src/chrome/common/ipc_channel_win.cc, line 346
Unable to read VR Path Registry from C:\Users\debiprasanna.m\AppData\Local\openvr\openvrpaths.vrpath
[Child 13196, Chrome_ChildThread] WARNING: pipe error: 109: file z:/build/build/src/ipc/chromium/src/chrome/common/ipc_channel_win.cc, line 346
openvr\openvrpaths.vrpath
[Child 11788, Chrome_ChildThread] WARNING: pipe error: 109: file z:/build/build/src/ipc/chromium/src/chrome/common/ipc_channel_win.cc, line 346

###!!! [Child][MessageChannel::SendAndWait] Error: Channel error: cannot send/recv

alse (indicating failure)

JavaScript error: http://10.16.82.170:8000/static/odlctrl/vendor/jquery/jquery.min.js, line 2: NS_ERROR_NOT_INITIALIZED: 
[Child 14904, Chrome_ChildThread] WARNING: pipe error: 109: file z:/build/build/src/ipc/chromium/src/chrome/common/ipc_channel_win.cc, line 346
[Child 14904[Child 17692, Chrome_ChildThread] WARNING: pipe error: 109: file z:/build/build/src/ipc/chromium/src/chrome/common/ipc_channel_win.cc, line 346
omium/src/chrome/common/ipc_channel_win.cc, line 346
avaScript error: chrome://marionette/content/listener.js, line 466: TypeError: reply[0] is undefined
[GFX1-]: Receive IPC close with reason=AbnormalShutdown
